                 
                 ;CodeVisionAVR C Compiler V2.05.3 Standard
                 ;(C) Copyright 1998-2011 Pavel Haiduc, HP InfoTech s.r.l.
                 ;http://www.hpinfotech.com
                 
                 ;Chip type                : ATmega16
                 ;Program type             : Application
                 ;Clock frequency          : 12.000000 MHz
                 ;Memory model             : Small
                 ;Optimize for             : Size
                 ;(s)printf features       : int, width
                 ;(s)scanf features        : int, width
                 ;External RAM size        : 0
                 ;Data Stack size          : 256 byte(s)
                 ;Heap size                : 0 byte(s)
                 ;Promote 'char' to 'int'  : Yes
                 ;'char' is unsigned       : Yes
                 ;8 bit enums              : Yes
                 ;Global 'const' stored in FLASH     : No
                 ;Enhanced function parameter passing: Yes
                 ;Enhanced core instructions         : On
                 ;Smart register allocation          : On
                 ;Automatic register allocation      : On
                 
                 	#pragma AVRPART ADMIN PART_NAME ATmega16
                 	#pragma AVRPART MEMORY PROG_FLASH 16384
                 	#pragma AVRPART MEMORY EEPROM 512
                 	#pragma AVRPART MEMORY INT_SRAM SIZE 1119
                 	#pragma AVRPART MEMORY INT_SRAM START_ADDR 0x60
                 
                 	#define CALL_SUPPORTED 1
                 
                 	.LISTMAC
                 	.EQU UDRE=0x5
                 	.EQU RXC=0x7
                 	.EQU USR=0xB
                 	.EQU UDR=0xC
                 	.EQU SPSR=0xE
                 	.EQU SPDR=0xF
                 	.EQU EERE=0x0
                 	.EQU EEWE=0x1
                 	.EQU EEMWE=0x2
                 	.EQU EECR=0x1C
                 	.EQU EEDR=0x1D
                 	.EQU EEARL=0x1E
                 	.EQU EEARH=0x1F
                 	.EQU WDTCR=0x21
                 	.EQU MCUCR=0x35
                 	.EQU GICR=0x3B
                 	.EQU SPL=0x3D
                 	.EQU SPH=0x3E
                 	.EQU SREG=0x3F
                 
                 	.DEF R0X0=R0
                 	.DEF R0X1=R1
                 	.DEF R0X2=R2
                 	.DEF R0X3=R3
                 	.DEF R0X4=R4
                 	.DEF R0X5=R5
                 	.DEF R0X6=R6
                 	.DEF R0X7=R7
                 	.DEF R0X8=R8
                 	.DEF R0X9=R9
                 	.DEF R0XA=R10
                 	.DEF R0XB=R11
                 	.DEF R0XC=R12
                 	.DEF R0XD=R13
                 	.DEF R0XE=R14
                 	.DEF R0XF=R15
                 	.DEF R0X10=R16
                 	.DEF R0X11=R17
                 	.DEF R0X12=R18
                 	.DEF R0X13=R19
                 	.DEF R0X14=R20
                 	.DEF R0X15=R21
                 	.DEF R0X16=R22
                 	.DEF R0X17=R23
                 	.DEF R0X18=R24
                 	.DEF R0X19=R25
                 	.DEF R0X1A=R26
                 	.DEF R0X1B=R27
                 	.DEF R0X1C=R28
                 	.DEF R0X1D=R29
                 	.DEF R0X1E=R30
                 	.DEF R0X1F=R31
                 
                 	.EQU __SRAM_START=0x0060
                 	.EQU __SRAM_END=0x045F
                 	.EQU __DSTACK_SIZE=0x0100
                 	.EQU __HEAP_SIZE=0x0000
                 	.EQU __CLEAR_SRAM_SIZE=__SRAM_END-__SRAM_START+1
                 
                 	.MACRO __CPD1N
                 	CPI  R30,LOW(@0)
                 	LDI  R26,HIGH(@0)
                 	CPC  R31,R26
                 	LDI  R26,BYTE3(@0)
                 	CPC  R22,R26
                 	LDI  R26,BYTE4(@0)
                 	CPC  R23,R26
                 	.ENDM
                 
                 	.MACRO __CPD2N
                 	CPI  R26,LOW(@0)
                 	LDI  R30,HIGH(@0)
                 	CPC  R27,R30
                 	LDI  R30,BYTE3(@0)
                 	CPC  R24,R30
                 	LDI  R30,BYTE4(@0)
                 	CPC  R25,R30
                 	.ENDM
                 
                 	.MACRO __CPWRR
                 	CP   R@0,R@2
                 	CPC  R@1,R@3
                 	.ENDM
                 
                 	.MACRO __CPWRN
                 	CPI  R@0,LOW(@2)
                 	LDI  R30,HIGH(@2)
                 	CPC  R@1,R30
                 	.ENDM
                 
                 	.MACRO __ADDB1MN
                 	SUBI R30,LOW(-@0-(@1))
                 	.ENDM
                 
                 	.MACRO __ADDB2MN
                 	SUBI R26,LOW(-@0-(@1))
                 	.ENDM
                 
                 	.MACRO __ADDW1MN
                 	SUBI R30,LOW(-@0-(@1))
                 	SBCI R31,HIGH(-@0-(@1))
                 	.ENDM
                 
                 	.MACRO __ADDW2MN
                 	SUBI R26,LOW(-@0-(@1))
                 	SBCI R27,HIGH(-@0-(@1))
                 	.ENDM
                 
                 	.MACRO __ADDW1FN
                 	SUBI R30,LOW(-2*@0-(@1))
                 	SBCI R31,HIGH(-2*@0-(@1))
                 	.ENDM
                 
                 	.MACRO __ADDD1FN
                 	SUBI R30,LOW(-2*@0-(@1))
                 	SBCI R31,HIGH(-2*@0-(@1))
                 	SBCI R22,BYTE3(-2*@0-(@1))
                 	.ENDM
                 
                 	.MACRO __ADDD1N
                 	SUBI R30,LOW(-@0)
                 	SBCI R31,HIGH(-@0)
                 	SBCI R22,BYTE3(-@0)
                 	SBCI R23,BYTE4(-@0)
                 	.ENDM
                 
                 	.MACRO __ADDD2N
                 	SUBI R26,LOW(-@0)
                 	SBCI R27,HIGH(-@0)
                 	SBCI R24,BYTE3(-@0)
                 	SBCI R25,BYTE4(-@0)
                 	.ENDM
                 
                 	.MACRO __SUBD1N
                 	SUBI R30,LOW(@0)
                 	SBCI R31,HIGH(@0)
                 	SBCI R22,BYTE3(@0)
                 	SBCI R23,BYTE4(@0)
                 	.ENDM
                 
                 	.MACRO __SUBD2N
                 	SUBI R26,LOW(@0)
                 	SBCI R27,HIGH(@0)
                 	SBCI R24,BYTE3(@0)
                 	SBCI R25,BYTE4(@0)
                 	.ENDM
                 
                 	.MACRO __ANDBMNN
                 	LDS  R30,@0+(@1)
                 	ANDI R30,LOW(@2)
                 	STS  @0+(@1),R30
                 	.ENDM
                 
                 	.MACRO __ANDWMNN
                 	LDS  R30,@0+(@1)
                 	ANDI R30,LOW(@2)
                 	STS  @0+(@1),R30
                 	LDS  R30,@0+(@1)+1
                 	ANDI R30,HIGH(@2)
                 	STS  @0+(@1)+1,R30
                 	.ENDM
                 
                 	.MACRO __ANDD1N
                 	ANDI R30,LOW(@0)
                 	ANDI R31,HIGH(@0)
                 	ANDI R22,BYTE3(@0)
                 	ANDI R23,BYTE4(@0)
                 	.ENDM
                 
                 	.MACRO __ANDD2N
                 	ANDI R26,LOW(@0)
                 	ANDI R27,HIGH(@0)
                 	ANDI R24,BYTE3(@0)
                 	ANDI R25,BYTE4(@0)
                 	.ENDM
                 
                 	.MACRO __ORBMNN
                 	LDS  R30,@0+(@1)
                 	ORI  R30,LOW(@2)
                 	STS  @0+(@1),R30
                 	.ENDM
                 
                 	.MACRO __ORWMNN
                 	LDS  R30,@0+(@1)
                 	ORI  R30,LOW(@2)
                 	STS  @0+(@1),R30
                 	LDS  R30,@0+(@1)+1
                 	ORI  R30,HIGH(@2)
                 	STS  @0+(@1)+1,R30
                 	.ENDM
                 
                 	.MACRO __ORD1N
                 	ORI  R30,LOW(@0)
                 	ORI  R31,HIGH(@0)
                 	ORI  R22,BYTE3(@0)
                 	ORI  R23,BYTE4(@0)
                 	.ENDM
                 
                 	.MACRO __ORD2N
                 	ORI  R26,LOW(@0)
                 	ORI  R27,HIGH(@0)
                 	ORI  R24,BYTE3(@0)
                 	ORI  R25,BYTE4(@0)
                 	.ENDM
                 
                 	.MACRO __DELAY_USB
                 	LDI  R24,LOW(@0)
                 __DELAY_USB_LOOP:
                 	DEC  R24
                 	BRNE __DELAY_USB_LOOP
                 	.ENDM
                 
                 	.MACRO __DELAY_USW
                 	LDI  R24,LOW(@0)
                 	LDI  R25,HIGH(@0)
                 __DELAY_USW_LOOP:
                 	SBIW R24,1
                 	BRNE __DELAY_USW_LOOP
                 	.ENDM
                 
                 	.MACRO __GETD1S
                 	LDD  R30,Y+@0
                 	LDD  R31,Y+@0+1
                 	LDD  R22,Y+@0+2
                 	LDD  R23,Y+@0+3
                 	.ENDM
                 
                 	.MACRO __GETD2S
                 	LDD  R26,Y+@0
                 	LDD  R27,Y+@0+1
                 	LDD  R24,Y+@0+2
                 	LDD  R25,Y+@0+3
                 	.ENDM
                 
                 	.MACRO __PUTD1S
                 	STD  Y+@0,R30
                 	STD  Y+@0+1,R31
                 	STD  Y+@0+2,R22
                 	STD  Y+@0+3,R23
                 	.ENDM
                 
                 	.MACRO __PUTD2S
                 	STD  Y+@0,R26
                 	STD  Y+@0+1,R27
                 	STD  Y+@0+2,R24
                 	STD  Y+@0+3,R25
                 	.ENDM
                 
                 	.MACRO __PUTDZ2
                 	STD  Z+@0,R26
                 	STD  Z+@0+1,R27
                 	STD  Z+@0+2,R24
                 	STD  Z+@0+3,R25
                 	.ENDM
                 
                 	.MACRO __CLRD1S
                 	STD  Y+@0,R30
                 	STD  Y+@0+1,R30
                 	STD  Y+@0+2,R30
                 	STD  Y+@0+3,R30
                 	.ENDM
                 
                 	.MACRO __POINTB1MN
                 	LDI  R30,LOW(@0+(@1))
                 	.ENDM
                 
                 	.MACRO __POINTW1MN
                 	LDI  R30,LOW(@0+(@1))
                 	LDI  R31,HIGH(@0+(@1))
                 	.ENDM
                 
                 	.MACRO __POINTD1M
                 	LDI  R30,LOW(@0)
                 	LDI  R31,HIGH(@0)
                 	LDI  R22,BYTE3(@0)
                 	LDI  R23,BYTE4(@0)
                 	.ENDM
                 
                 	.MACRO __POINTW1FN
                 	LDI  R30,LOW(2*@0+(@1))
                 	LDI  R31,HIGH(2*@0+(@1))
                 	.ENDM
                 
                 	.MACRO __POINTD1FN
                 	LDI  R30,LOW(2*@0+(@1))
                 	LDI  R31,HIGH(2*@0+(@1))
                 	LDI  R22,BYTE3(2*@0+(@1))
                 	LDI  R23,BYTE4(2*@0+(@1))
                 	.ENDM
                 
                 	.MACRO __POINTB2MN
                 	LDI  R26,LOW(@0+(@1))
                 	.ENDM
                 
                 	.MACRO __POINTW2MN
                 	LDI  R26,LOW(@0+(@1))
                 	LDI  R27,HIGH(@0+(@1))
                 	.ENDM
                 
                 	.MACRO __POINTW2FN
                 	LDI  R26,LOW(2*@0+(@1))
                 	LDI  R27,HIGH(2*@0+(@1))
                 	.ENDM
                 
                 	.MACRO __POINTD2FN
                 	LDI  R26,LOW(2*@0+(@1))
                 	LDI  R27,HIGH(2*@0+(@1))
                 	LDI  R24,BYTE3(2*@0+(@1))
                 	LDI  R25,BYTE4(2*@0+(@1))
                 	.ENDM
                 
                 	.MACRO __POINTBRM
                 	LDI  R@0,LOW(@1)
                 	.ENDM
                 
                 	.MACRO __POINTWRM
                 	LDI  R@0,LOW(@2)
                 	LDI  R@1,HIGH(@2)
                 	.ENDM
                 
                 	.MACRO __POINTBRMN
                 	LDI  R@0,LOW(@1+(@2))
                 	.ENDM
                 
                 	.MACRO __POINTWRMN
                 	LDI  R@0,LOW(@2+(@3))
                 	LDI  R@1,HIGH(@2+(@3))
                 	.ENDM
                 
                 	.MACRO __POINTWRFN
                 	LDI  R@0,LOW(@2*2+(@3))
                 	LDI  R@1,HIGH(@2*2+(@3))
                 	.ENDM
                 
                 	.MACRO __GETD1N
                 	LDI  R30,LOW(@0)
                 	LDI  R31,HIGH(@0)
                 	LDI  R22,BYTE3(@0)
                 	LDI  R23,BYTE4(@0)
                 	.ENDM
                 
                 	.MACRO __GETD2N
                 	LDI  R26,LOW(@0)
                 	LDI  R27,HIGH(@0)
                 	LDI  R24,BYTE3(@0)
                 	LDI  R25,BYTE4(@0)
                 	.ENDM
                 
                 	.MACRO __GETB1MN
                 	LDS  R30,@0+(@1)
                 	.ENDM
                 
                 	.MACRO __GETB1HMN
                 	LDS  R31,@0+(@1)
                 	.ENDM
                 
                 	.MACRO __GETW1MN
                 	LDS  R30,@0+(@1)
                 	LDS  R31,@0+(@1)+1
                 	.ENDM
                 
                 	.MACRO __GETD1MN
                 	LDS  R30,@0+(@1)
                 	LDS  R31,@0+(@1)+1
                 	LDS  R22,@0+(@1)+2
                 	LDS  R23,@0+(@1)+3
                 	.ENDM
                 
                 	.MACRO __GETBRMN
                 	LDS  R@0,@1+(@2)
                 	.ENDM
                 
                 	.MACRO __GETWRMN
                 	LDS  R@0,@2+(@3)
                 	LDS  R@1,@2+(@3)+1
                 	.ENDM
                 
                 	.MACRO __GETWRZ
                 	LDD  R@0,Z+@2
                 	LDD  R@1,Z+@2+1
                 	.ENDM
                 
                 	.MACRO __GETD2Z
                 	LDD  R26,Z+@0
                 	LDD  R27,Z+@0+1
                 	LDD  R24,Z+@0+2
                 	LDD  R25,Z+@0+3
                 	.ENDM
                 
                 	.MACRO __GETB2MN
                 	LDS  R26,@0+(@1)
                 	.ENDM
                 
                 	.MACRO __GETW2MN
                 	LDS  R26,@0+(@1)
                 	LDS  R27,@0+(@1)+1
                 	.ENDM
                 
                 	.MACRO __GETD2MN
                 	LDS  R26,@0+(@1)
                 	LDS  R27,@0+(@1)+1
                 	LDS  R24,@0+(@1)+2
                 	LDS  R25,@0+(@1)+3
                 	.ENDM
                 
                 	.MACRO __PUTB1MN
                 	STS  @0+(@1),R30
                 	.ENDM
                 
                 	.MACRO __PUTW1MN
                 	STS  @0+(@1),R30
                 	STS  @0+(@1)+1,R31
                 	.ENDM
                 
                 	.MACRO __PUTD1MN
                 	STS  @0+(@1),R30
                 	STS  @0+(@1)+1,R31
                 	STS  @0+(@1)+2,R22
                 	STS  @0+(@1)+3,R23
                 	.ENDM
                 
                 	.MACRO __PUTB1EN
                 	LDI  R26,LOW(@0+(@1))
                 	LDI  R27,HIGH(@0+(@1))
                 	CALL __EEPROMWRB
                 	.ENDM
                 
                 	.MACRO __PUTW1EN
                 	LDI  R26,LOW(@0+(@1))
                 	LDI  R27,HIGH(@0+(@1))
                 	CALL __EEPROMWRW
                 	.ENDM
                 
                 	.MACRO __PUTD1EN
                 	LDI  R26,LOW(@0+(@1))
                 	LDI  R27,HIGH(@0+(@1))
                 	CALL __EEPROMWRD
                 	.ENDM
                 
                 	.MACRO __PUTBR0MN
                 	STS  @0+(@1),R0
                 	.ENDM
                 
                 	.MACRO __PUTBMRN
                 	STS  @0+(@1),R@2
                 	.ENDM
                 
                 	.MACRO __PUTWMRN
                 	STS  @0+(@1),R@2
                 	STS  @0+(@1)+1,R@3
                 	.ENDM
                 
                 	.MACRO __PUTBZR
                 	STD  Z+@1,R@0
                 	.ENDM
                 
                 	.MACRO __PUTWZR
                 	STD  Z+@2,R@0
                 	STD  Z+@2+1,R@1
                 	.ENDM
                 
                 	.MACRO __GETW1R
                 	MOV  R30,R@0
                 	MOV  R31,R@1
                 	.ENDM
                 
                 	.MACRO __GETW2R
                 	MOV  R26,R@0
                 	MOV  R27,R@1
                 	.ENDM
                 
                 	.MACRO __GETWRN
                 	LDI  R@0,LOW(@2)
                 	LDI  R@1,HIGH(@2)
                 	.ENDM
                 
                 	.MACRO __PUTW1R
                 	MOV  R@0,R30
                 	MOV  R@1,R31
                 	.ENDM
                 
                 	.MACRO __PUTW2R
                 	MOV  R@0,R26
                 	MOV  R@1,R27
                 	.ENDM
                 
                 	.MACRO __ADDWRN
                 	SUBI R@0,LOW(-@2)
                 	SBCI R@1,HIGH(-@2)
                 	.ENDM
                 
                 	.MACRO __ADDWRR
                 	ADD  R@0,R@2
                 	ADC  R@1,R@3
                 	.ENDM
                 
                 	.MACRO __SUBWRN
                 	SUBI R@0,LOW(@2)
                 	SBCI R@1,HIGH(@2)
                 	.ENDM
                 
                 	.MACRO __SUBWRR
                 	SUB  R@0,R@2
                 	SBC  R@1,R@3
                 	.ENDM
                 
                 	.MACRO __ANDWRN
                 	ANDI R@0,LOW(@2)
                 	ANDI R@1,HIGH(@2)
                 	.ENDM
                 
                 	.MACRO __ANDWRR
                 	AND  R@0,R@2
                 	AND  R@1,R@3
                 	.ENDM
                 
                 	.MACRO __ORWRN
                 	ORI  R@0,LOW(@2)
                 	ORI  R@1,HIGH(@2)
                 	.ENDM
                 
                 	.MACRO __ORWRR
                 	OR   R@0,R@2
                 	OR   R@1,R@3
                 	.ENDM
                 
                 	.MACRO __EORWRR
                 	EOR  R@0,R@2
                 	EOR  R@1,R@3
                 	.ENDM
                 
                 	.MACRO __GETWRS
                 	LDD  R@0,Y+@2
                 	LDD  R@1,Y+@2+1
                 	.ENDM
                 
                 	.MACRO __PUTBSR
                 	STD  Y+@1,R@0
                 	.ENDM
                 
                 	.MACRO __PUTWSR
                 	STD  Y+@2,R@0
                 	STD  Y+@2+1,R@1
                 	.ENDM
                 
                 	.MACRO __MOVEWRR
                 	MOV  R@0,R@2
                 	MOV  R@1,R@3
                 	.ENDM
                 
                 	.MACRO __INWR
                 	IN   R@0,@2
                 	IN   R@1,@2+1
                 	.ENDM
                 
                 	.MACRO __OUTWR
                 	OUT  @2+1,R@1
                 	OUT  @2,R@0
                 	.ENDM
                 
                 	.MACRO __CALL1MN
                 	LDS  R30,@0+(@1)
                 	LDS  R31,@0+(@1)+1
                 	ICALL
                 	.ENDM
                 
                 	.MACRO __CALL1FN
                 	LDI  R30,LOW(2*@0+(@1))
                 	LDI  R31,HIGH(2*@0+(@1))
                 	CALL __GETW1PF
                 	ICALL
                 	.ENDM
                 
                 	.MACRO __CALL2EN
                 	LDI  R26,LOW(@0+(@1))
                 	LDI  R27,HIGH(@0+(@1))
                 	CALL __EEPROMRDW
                 	ICALL
                 	.ENDM
                 
                 	.MACRO __GETW1STACK
                 	IN   R26,SPL
                 	IN   R27,SPH
                 	ADIW R26,@0+1
                 	LD   R30,X+
                 	LD   R31,X
                 	.ENDM
                 
                 	.MACRO __GETD1STACK
                 	IN   R26,SPL
                 	IN   R27,SPH
                 	ADIW R26,@0+1
                 	LD   R30,X+
                 	LD   R31,X+
                 	LD   R22,X
                 	.ENDM
                 
                 	.MACRO __NBST
                 	BST  R@0,@1
                 	IN   R30,SREG
                 	LDI  R31,0x40
                 	EOR  R30,R31
                 	OUT  SREG,R30
                 	.ENDM
                 
                 
                 	.MACRO __PUTB1SN
                 	LDD  R26,Y+@0
                 	LDD  R27,Y+@0+1
                 	SUBI R26,LOW(-@1)
                 	SBCI R27,HIGH(-@1)
                 	ST   X,R30
                 	.ENDM
                 
                 	.MACRO __PUTW1SN
                 	LDD  R26,Y+@0
                 	LDD  R27,Y+@0+1
                 	SUBI R26,LOW(-@1)
                 	SBCI R27,HIGH(-@1)
                 	ST   X+,R30
                 	ST   X,R31
                 	.ENDM
                 
                 	.MACRO __PUTD1SN
                 	LDD  R26,Y+@0
                 	LDD  R27,Y+@0+1
                 	SUBI R26,LOW(-@1)
                 	SBCI R27,HIGH(-@1)
                 	CALL __PUTDP1
                 	.ENDM
                 
                 	.MACRO __PUTB1SNS
                 	LDD  R26,Y+@0
                 	LDD  R27,Y+@0+1
                 	ADIW R26,@1
                 	ST   X,R30
                 	.ENDM
                 
                 	.MACRO __PUTW1SNS
                 	LDD  R26,Y+@0
                 	LDD  R27,Y+@0+1
                 	ADIW R26,@1
                 	ST   X+,R30
                 	ST   X,R31
                 	.ENDM
                 
                 	.MACRO __PUTD1SNS
                 	LDD  R26,Y+@0
                 	LDD  R27,Y+@0+1
                 	ADIW R26,@1
                 	CALL __PUTDP1
                 	.ENDM
                 
                 	.MACRO __PUTB1PMN
                 	LDS  R26,@0
                 	LDS  R27,@0+1
                 	SUBI R26,LOW(-@1)
                 	SBCI R27,HIGH(-@1)
                 	ST   X,R30
                 	.ENDM
                 
                 	.MACRO __PUTW1PMN
                 	LDS  R26,@0
                 	LDS  R27,@0+1
                 	SUBI R26,LOW(-@1)
                 	SBCI R27,HIGH(-@1)
                 	ST   X+,R30
                 	ST   X,R31
                 	.ENDM
                 
                 	.MACRO __PUTD1PMN
                 	LDS  R26,@0
                 	LDS  R27,@0+1
                 	SUBI R26,LOW(-@1)
                 	SBCI R27,HIGH(-@1)
                 	CALL __PUTDP1
                 	.ENDM
                 
                 	.MACRO __PUTB1PMNS
                 	LDS  R26,@0
                 	LDS  R27,@0+1
                 	ADIW R26,@1
                 	ST   X,R30
                 	.ENDM
                 
                 	.MACRO __PUTW1PMNS
                 	LDS  R26,@0
                 	LDS  R27,@0+1
                 	ADIW R26,@1
                 	ST   X+,R30
                 	ST   X,R31
                 	.ENDM
                 
                 	.MACRO __PUTD1PMNS
                 	LDS  R26,@0
                 	LDS  R27,@0+1
                 	ADIW R26,@1
                 	CALL __PUTDP1
                 	.ENDM
                 
                 	.MACRO __PUTB1RN
                 	MOVW R26,R@0
                 	SUBI R26,LOW(-@1)
                 	SBCI R27,HIGH(-@1)
                 	ST   X,R30
                 	.ENDM
                 
                 	.MACRO __PUTW1RN
                 	MOVW R26,R@0
                 	SUBI R26,LOW(-@1)
                 	SBCI R27,HIGH(-@1)
                 	ST   X+,R30
                 	ST   X,R31
                 	.ENDM
                 
                 	.MACRO __PUTD1RN
                 	MOVW R26,R@0
                 	SUBI R26,LOW(-@1)
                 	SBCI R27,HIGH(-@1)
                 	CALL __PUTDP1
                 	.ENDM
                 
                 	.MACRO __PUTB1RNS
                 	MOVW R26,R@0
                 	ADIW R26,@1
                 	ST   X,R30
                 	.ENDM
                 
                 	.MACRO __PUTW1RNS
                 	MOVW R26,R@0
                 	ADIW R26,@1
                 	ST   X+,R30
                 	ST   X,R31
                 	.ENDM
                 
                 	.MACRO __PUTD1RNS
                 	MOVW R26,R@0
                 	ADIW R26,@1
                 	CALL __PUTDP1
                 	.ENDM
                 
                 	.MACRO __PUTB1RON
                 	MOV  R26,R@0
                 	MOV  R27,R@1
                 	SUBI R26,LOW(-@2)
                 	SBCI R27,HIGH(-@2)
                 	ST   X,R30
                 	.ENDM
                 
                 	.MACRO __PUTW1RON
                 	MOV  R26,R@0
                 	MOV  R27,R@1
                 	SUBI R26,LOW(-@2)
                 	SBCI R27,HIGH(-@2)
                 	ST   X+,R30
                 	ST   X,R31
                 	.ENDM
                 
                 	.MACRO __PUTD1RON
                 	MOV  R26,R@0
                 	MOV  R27,R@1
                 	SUBI R26,LOW(-@2)
                 	SBCI R27,HIGH(-@2)
                 	CALL __PUTDP1
                 	.ENDM
                 
                 	.MACRO __PUTB1RONS
                 	MOV  R26,R@0
                 	MOV  R27,R@1
                 	ADIW R26,@2
                 	ST   X,R30
                 	.ENDM
                 
                 	.MACRO __PUTW1RONS
                 	MOV  R26,R@0
                 	MOV  R27,R@1
                 	ADIW R26,@2
                 	ST   X+,R30
                 	ST   X,R31
                 	.ENDM
                 
                 	.MACRO __PUTD1RONS
                 	MOV  R26,R@0
                 	MOV  R27,R@1
                 	ADIW R26,@2
                 	CALL __PUTDP1
                 	.ENDM
                 
                 
                 	.MACRO __GETB1SX
                 	MOVW R30,R28
                 	SUBI R30,LOW(-@0)
                 	SBCI R31,HIGH(-@0)
                 	LD   R30,Z
                 	.ENDM
                 
                 	.MACRO __GETB1HSX
                 	MOVW R30,R28
                 	SUBI R30,LOW(-@0)
                 	SBCI R31,HIGH(-@0)
                 	LD   R31,Z
                 	.ENDM
                 
                 	.MACRO __GETW1SX
                 	MOVW R30,R28
                 	SUBI R30,LOW(-@0)
                 	SBCI R31,HIGH(-@0)
                 	LD   R0,Z+
                 	LD   R31,Z
                 	MOV  R30,R0
                 	.ENDM
                 
                 	.MACRO __GETD1SX
                 	MOVW R30,R28
                 	SUBI R30,LOW(-@0)
                 	SBCI R31,HIGH(-@0)
                 	LD   R0,Z+
                 	LD   R1,Z+
                 	LD   R22,Z+
                 	LD   R23,Z
                 	MOVW R30,R0
                 	.ENDM
                 
                 	.MACRO __GETB2SX
                 	MOVW R26,R28
                 	SUBI R26,LOW(-@0)
                 	SBCI R27,HIGH(-@0)
                 	LD   R26,X
                 	.ENDM
                 
                 	.MACRO __GETW2SX
                 	MOVW R26,R28
                 	SUBI R26,LOW(-@0)
                 	SBCI R27,HIGH(-@0)
                 	LD   R0,X+
                 	LD   R27,X
                 	MOV  R26,R0
                 	.ENDM
                 
                 	.MACRO __GETD2SX
                 	MOVW R26,R28
                 	SUBI R26,LOW(-@0)
                 	SBCI R27,HIGH(-@0)
                 	LD   R0,X+
                 	LD   R1,X+
                 	LD   R24,X+
                 	LD   R25,X
                 	MOVW R26,R0
                 	.ENDM
                 
                 	.MACRO __GETBRSX
                 	MOVW R30,R28
                 	SUBI R30,LOW(-@1)
                 	SBCI R31,HIGH(-@1)
                 	LD   R@0,Z
                 	.ENDM
                 
                 	.MACRO __GETWRSX
                 	MOVW R30,R28
                 	SUBI R30,LOW(-@2)
                 	SBCI R31,HIGH(-@2)
                 	LD   R@0,Z+
                 	LD   R@1,Z
                 	.ENDM
                 
                 	.MACRO __GETBRSX2
                 	MOVW R26,R28
                 	SUBI R26,LOW(-@1)
                 	SBCI R27,HIGH(-@1)
                 	LD   R@0,X
                 	.ENDM
                 
                 	.MACRO __GETWRSX2
                 	MOVW R26,R28
                 	SUBI R26,LOW(-@2)
                 	SBCI R27,HIGH(-@2)
                 	LD   R@0,X+
                 	LD   R@1,X
                 	.ENDM
                 
                 	.MACRO __LSLW8SX
                 	MOVW R30,R28
                 	SUBI R30,LOW(-@0)
                 	SBCI R31,HIGH(-@0)
                 	LD   R31,Z
                 	CLR  R30
                 	.ENDM
                 
                 	.MACRO __PUTB1SX
                 	MOVW R26,R28
                 	SUBI R26,LOW(-@0)
                 	SBCI R27,HIGH(-@0)
                 	ST   X,R30
                 	.ENDM
                 
                 	.MACRO __PUTW1SX
                 	MOVW R26,R28
                 	SUBI R26,LOW(-@0)
                 	SBCI R27,HIGH(-@0)
                 	ST   X+,R30
                 	ST   X,R31
                 	.ENDM
                 
                 	.MACRO __PUTD1SX
                 	MOVW R26,R28
                 	SUBI R26,LOW(-@0)
                 	SBCI R27,HIGH(-@0)
                 	ST   X+,R30
                 	ST   X+,R31
                 	ST   X+,R22
                 	ST   X,R23
                 	.ENDM
                 
                 	.MACRO __CLRW1SX
                 	MOVW R26,R28
                 	SUBI R26,LOW(-@0)
                 	SBCI R27,HIGH(-@0)
                 	ST   X+,R30
                 	ST   X,R30
                 	.ENDM
                 
                 	.MACRO __CLRD1SX
                 	MOVW R26,R28
                 	SUBI R26,LOW(-@0)
                 	SBCI R27,HIGH(-@0)
                 	ST   X+,R30
                 	ST   X+,R30
                 	ST   X+,R30
                 	ST   X,R30
                 	.ENDM
                 
                 	.MACRO __PUTB2SX
                 	MOVW R30,R28
                 	SUBI R30,LOW(-@0)
                 	SBCI R31,HIGH(-@0)
                 	ST   Z,R26
                 	.ENDM
                 
                 	.MACRO __PUTW2SX
                 	MOVW R30,R28
                 	SUBI R30,LOW(-@0)
                 	SBCI R31,HIGH(-@0)
                 	ST   Z+,R26
                 	ST   Z,R27
                 	.ENDM
                 
                 	.MACRO __PUTD2SX
                 	MOVW R30,R28
                 	SUBI R30,LOW(-@0)
                 	SBCI R31,HIGH(-@0)
                 	ST   Z+,R26
                 	ST   Z+,R27
                 	ST   Z+,R24
                 	ST   Z,R25
                 	.ENDM
                 
                 	.MACRO __PUTBSRX
                 	MOVW R30,R28
                 	SUBI R30,LOW(-@1)
                 	SBCI R31,HIGH(-@1)
                 	ST   Z,R@0
                 	.ENDM
                 
                 	.MACRO __PUTWSRX
                 	MOVW R30,R28
                 	SUBI R30,LOW(-@2)
                 	SBCI R31,HIGH(-@2)
                 	ST   Z+,R@0
                 	ST   Z,R@1
                 	.ENDM
                 
                 	.MACRO __PUTB1SNX
                 	MOVW R26,R28
                 	SUBI R26,LOW(-@0)
                 	SBCI R27,HIGH(-@0)
                 	LD   R0,X+
                 	LD   R27,X
                 	MOV  R26,R0
                 	SUBI R26,LOW(-@1)
                 	SBCI R27,HIGH(-@1)
                 	ST   X,R30
                 	.ENDM
                 
                 	.MACRO __PUTW1SNX
                 	MOVW R26,R28
                 	SUBI R26,LOW(-@0)
                 	SBCI R27,HIGH(-@0)
                 	LD   R0,X+
                 	LD   R27,X
                 	MOV  R26,R0
                 	SUBI R26,LOW(-@1)
                 	SBCI R27,HIGH(-@1)
                 	ST   X+,R30
                 	ST   X,R31
                 	.ENDM
                 
                 	.MACRO __PUTD1SNX
                 	MOVW R26,R28
                 	SUBI R26,LOW(-@0)
                 	SBCI R27,HIGH(-@0)
                 	LD   R0,X+
                 	LD   R27,X
                 	MOV  R26,R0
                 	SUBI R26,LOW(-@1)
                 	SBCI R27,HIGH(-@1)
                 	ST   X+,R30
                 	ST   X+,R31
                 	ST   X+,R22
                 	ST   X,R23
                 	.ENDM
                 
                 	.MACRO __MULBRR
                 	MULS R@0,R@1
                 	MOVW R30,R0
                 	.ENDM
                 
                 	.MACRO __MULBRRU
                 	MUL  R@0,R@1
                 	MOVW R30,R0
                 	.ENDM
                 
                 	.MACRO __MULBRR0
                 	MULS R@0,R@1
                 	.ENDM
                 
                 	.MACRO __MULBRRU0
                 	MUL  R@0,R@1
                 	.ENDM
                 
                 	.MACRO __MULBNWRU
                 	LDI  R26,@2
                 	MUL  R26,R@0
                 	MOVW R30,R0
                 	MUL  R26,R@1
                 	ADD  R31,R0
                 	.ENDM
                 
                 ;NAME DEFINITIONS FOR GLOBAL VARIABLES ALLOCATED TO REGISTERS
                 	.DEF __lcd_x=R5
                 	.DEF __lcd_y=R4
                 	.DEF __lcd_maxx=R7
                 
                 	.CSEG
                 	.ORG 0x00
                 
                 ;START OF CODE MARKER
                 __START_OF_CODE:
                 
                 ;INTERRUPT VECTORS
000000 940c 0054 	JMP  __RESET
000002 940c 0000 	JMP  0x00
000004 940c 0000 	JMP  0x00
000006 940c 0000 	JMP  0x00
000008 940c 0000 	JMP  0x00
00000a 940c 0000 	JMP  0x00
00000c 940c 0000 	JMP  0x00
00000e 940c 0000 	JMP  0x00
000010 940c 0000 	JMP  0x00
000012 940c 0000 	JMP  0x00
000014 940c 0000 	JMP  0x00
000016 940c 0000 	JMP  0x00
000018 940c 0000 	JMP  0x00
00001a 940c 0000 	JMP  0x00
00001c 940c 0000 	JMP  0x00
00001e 940c 0000 	JMP  0x00
000020 940c 0000 	JMP  0x00
000022 940c 0000 	JMP  0x00
000024 940c 0000 	JMP  0x00
000026 940c 0000 	JMP  0x00
000028 940c 0000 	JMP  0x00
                 
                 _0x0:
00002a 3042
00002b 313d
00002c 4220
00002d 3d31      	.DB  0x42,0x30,0x3D,0x31,0x20,0x42,0x31,0x3D
00002e 0030
00002f 4542
000030 4f4c
000031 204b      	.DB  0x30,0x0,0x42,0x45,0x4C,0x4F,0x4B,0x20
000032 494b
000033 4952
000034 4200
000035 3d30      	.DB  0x4B,0x49,0x52,0x49,0x0,0x42,0x30,0x3D
000036 2030
000037 3142
000038 313d
000039 4200      	.DB  0x30,0x20,0x42,0x31,0x3D,0x31,0x0,0x42
00003a 4c45
00003b 4b4f
00003c 4b20
00003d 4e41      	.DB  0x45,0x4C,0x4F,0x4B,0x20,0x4B,0x41,0x4E
00003e 4e41
00003f 4200
000040 3d30
000041 2031      	.DB  0x41,0x4E,0x0,0x42,0x30,0x3D,0x31,0x20
000042 3142
000043 313d
000044 4d00
000045 5441      	.DB  0x42,0x31,0x3D,0x31,0x0,0x4D,0x41,0x54
000046 0049
000047 3042
000048 303d
000049 4220      	.DB  0x49,0x0,0x42,0x30,0x3D,0x30,0x20,0x42
00004a 3d31
00004b 0030
00004c 414d
00004d 554a      	.DB  0x31,0x3D,0x30,0x0,0x4D,0x41,0x4A,0x55
D:\Ngampus\Workspace\AVR\LT IC Komparator LCD ATMega 16\List\LFD_komparator.asm(1115): warning: .cseg .db misalignment - padding zero byte
00004e 0000      	.DB  0x0
                 _0x2000003:
00004f c080      	.DB  0x80,0xC0
                 
                 __GLOBAL_INI_TBL:
000050 0002      	.DW  0x02
000051 0160      	.DW  __base_y_G100
000052 009e      	.DW  _0x2000003*2
                 
                 _0xFFFFFFFF:
000053 0000      	.DW  0
                 
                 __RESET:
000054 94f8      	CLI
000055 27ee      	CLR  R30
000056 bbec      	OUT  EECR,R30
                 
                 ;INTERRUPT VECTORS ARE PLACED
                 ;AT THE START OF FLASH
000057 e0f1      	LDI  R31,1
000058 bffb      	OUT  GICR,R31
000059 bfeb      	OUT  GICR,R30
00005a bfe5      	OUT  MCUCR,R30
                 
                 ;DISABLE WATCHDOG
00005b e1f8      	LDI  R31,0x18
00005c bdf1      	OUT  WDTCR,R31
00005d bde1      	OUT  WDTCR,R30
                 
                 ;CLEAR R2-R14
00005e e08d      	LDI  R24,(14-2)+1
00005f e0a2      	LDI  R26,2
000060 27bb      	CLR  R27
                 __CLEAR_REG:
000061 93ed      	ST   X+,R30
000062 958a      	DEC  R24
000063 f7e9      	BRNE __CLEAR_REG
                 
                 ;CLEAR SRAM
000064 e080      	LDI  R24,LOW(__CLEAR_SRAM_SIZE)
000065 e094      	LDI  R25,HIGH(__CLEAR_SRAM_SIZE)
000066 e6a0      	LDI  R26,__SRAM_START
                 __CLEAR_SRAM:
000067 93ed      	ST   X+,R30
000068 9701      	SBIW R24,1
000069 f7e9      	BRNE __CLEAR_SRAM
                 
                 ;GLOBAL VARIABLES INITIALIZATION
00006a eae0      	LDI  R30,LOW(__GLOBAL_INI_TBL*2)
00006b e0f0      	LDI  R31,HIGH(__GLOBAL_INI_TBL*2)
                 __GLOBAL_INI_NEXT:
00006c 9185      	LPM  R24,Z+
00006d 9195      	LPM  R25,Z+
00006e 9700      	SBIW R24,0
00006f f061      	BREQ __GLOBAL_INI_END
000070 91a5      	LPM  R26,Z+
000071 91b5      	LPM  R27,Z+
000072 9005      	LPM  R0,Z+
000073 9015      	LPM  R1,Z+
000074 01bf      	MOVW R22,R30
000075 01f0      	MOVW R30,R0
                 __GLOBAL_INI_LOOP:
000076 9005      	LPM  R0,Z+
000077 920d      	ST   X+,R0
000078 9701      	SBIW R24,1
000079 f7e1      	BRNE __GLOBAL_INI_LOOP
00007a 01fb      	MOVW R30,R22
00007b cff0      	RJMP __GLOBAL_INI_NEXT
                 __GLOBAL_INI_END:
                 
                 ;HARDWARE STACK POINTER INITIALIZATION
00007c e5ef      	LDI  R30,LOW(__SRAM_END-__HEAP_SIZE)
00007d bfed      	OUT  SPL,R30
00007e e0e4      	LDI  R30,HIGH(__SRAM_END-__HEAP_SIZE)
00007f bfee      	OUT  SPH,R30
                 
                 ;DATA STACK POINTER INITIALIZATION
000080 e6c0      	LDI  R28,LOW(__SRAM_START+__DSTACK_SIZE)
000081 e0d1      	LDI  R29,HIGH(__SRAM_START+__DSTACK_SIZE)
                 
000082 940c 0084 	JMP  _main
                 
                 	.ESEG
                 	.ORG 0
                 
                 	.DSEG
                 	.ORG 0x160
                 
                 	.CSEG
                 ;/*****************************************************
                 ;This program was produced by the
                 ;CodeWizardAVR V2.05.0 Professional
                 ;Automatic Program Generator
                 ;© Copyright 1998-2010 Pavel Haiduc, HP InfoTech s.r.l.
                 ;http://www.hpinfotech.com
                 ;
                 ;Project :
                 ;Version :
                 ;Date    : 30/08/2015
                 ;Author  : flo
                 ;Company : Syndrome
                 ;Comments:
                 ;
                 ;Chip type               : ATmega16
                 ;Program type            : Application
                 ;AVR Core Clock frequency: 12.000000 MHz
                 ;Memory model            : Small
                 ;External RAM size       : 0
                 ;Data Stack size         : 256
                 ;*****************************************************/
                 ;
                 ;#include <mega16.h>
                 	#ifndef __SLEEP_DEFINED__
                 	#define __SLEEP_DEFINED__
                 	.EQU __se_bit=0x40
                 	.EQU __sm_mask=0xB0
                 	.EQU __sm_powerdown=0x20
                 	.EQU __sm_powersave=0x30
                 	.EQU __sm_standby=0xA0
                 	.EQU __sm_ext_standby=0xB0
                 	.EQU __sm_adc_noise_red=0x10
                 	.SET power_ctrl_reg=mcucr
                 	#endif
                 ;#include <delay.h>
                 ;
                 ;// Alphanumeric LCD Module functions
                 ;#include <alcd.h>
                 ;
                 ;// Declare your global variables here
                 ;
                 ;void main(void)
                 ; 0000 0020 {
                 
                 	.CSEG
                 _main:
                 ; 0000 0021 // Declare your local variables here
                 ; 0000 0022 
                 ; 0000 0023 // Input/Output Ports initialization
                 ; 0000 0024 // Port A initialization
                 ; 0000 0025 // Func7=In Func6=In Func5=In Func4=In Func3=In Func2=In Func1=In Func0=In
                 ; 0000 0026 // State7=T State6=T State5=T State4=T State3=T State2=T State1=T State0=T
                 ; 0000 0027 PORTA=0x00;
000084 e0e0      	LDI  R30,LOW(0)
000085 bbeb      	OUT  0x1B,R30
                 ; 0000 0028 DDRA=0x00;
000086 bbea      	OUT  0x1A,R30
                 ; 0000 0029 
                 ; 0000 002A // Port B initialization
                 ; 0000 002B // Func7=In Func6=In Func5=In Func4=In Func3=In Func2=In Func1=In Func0=In
                 ; 0000 002C // State7=T State6=T State5=T State4=T State3=T State2=T State1=T State0=T
                 ; 0000 002D PORTB=0x00;
000087 bbe8      	OUT  0x18,R30
                 ; 0000 002E DDRB=0x00;
000088 bbe7      	OUT  0x17,R30
                 ; 0000 002F 
                 ; 0000 0030 // Port C initialization
                 ; 0000 0031 // Func7=In Func6=In Func5=In Func4=In Func3=In Func2=In Func1=In Func0=In
                 ; 0000 0032 // State7=T State6=T State5=T State4=T State3=T State2=T State1=T State0=T
                 ; 0000 0033 PORTC=0x00;
000089 bbe5      	OUT  0x15,R30
                 ; 0000 0034 DDRC=0x00;
00008a bbe4      	OUT  0x14,R30
                 ; 0000 0035 
                 ; 0000 0036 // Port D initialization
                 ; 0000 0037 // Func7=In Func6=In Func5=Out Func4=Out Func3=In Func2=In Func1=In Func0=In
                 ; 0000 0038 // State7=T State6=T State5=0 State4=0 State3=T State2=T State1=T State0=T
                 ; 0000 0039 PORTD=0x00;
00008b bbe2      	OUT  0x12,R30
                 ; 0000 003A DDRD=0x30;
00008c e3e0      	LDI  R30,LOW(48)
00008d bbe1      	OUT  0x11,R30
                 ; 0000 003B 
                 ; 0000 003C // Timer/Counter 0 initialization
                 ; 0000 003D // Clock source: System Clock
                 ; 0000 003E // Clock value: Timer 0 Stopped
                 ; 0000 003F // Mode: Normal top=0xFF
                 ; 0000 0040 // OC0 output: Disconnected
                 ; 0000 0041 TCCR0=0x00;
00008e e0e0      	LDI  R30,LOW(0)
00008f bfe3      	OUT  0x33,R30
                 ; 0000 0042 TCNT0=0x00;
000090 bfe2      	OUT  0x32,R30
                 ; 0000 0043 OCR0=0x00;
000091 bfec      	OUT  0x3C,R30
                 ; 0000 0044 
                 ; 0000 0045 // Timer/Counter 1 initialization
                 ; 0000 0046 // Clock source: System Clock
                 ; 0000 0047 // Clock value: 11.719 kHz
                 ; 0000 0048 // Mode: Fast PWM top=0x00FF
                 ; 0000 0049 // OC1A output: Non-Inv.
                 ; 0000 004A // OC1B output: Non-Inv.
                 ; 0000 004B // Noise Canceler: Off
                 ; 0000 004C // Input Capture on Falling Edge
                 ; 0000 004D // Timer1 Overflow Interrupt: Off
                 ; 0000 004E // Input Capture Interrupt: Off
                 ; 0000 004F // Compare A Match Interrupt: Off
                 ; 0000 0050 // Compare B Match Interrupt: Off
                 ; 0000 0051 TCCR1A=0xA1;
000092 eae1      	LDI  R30,LOW(161)
000093 bdef      	OUT  0x2F,R30
                 ; 0000 0052 TCCR1B=0x0D;
000094 e0ed      	LDI  R30,LOW(13)
000095 bdee      	OUT  0x2E,R30
                 ; 0000 0053 TCNT1H=0x00;
000096 e0e0      	LDI  R30,LOW(0)
000097 bded      	OUT  0x2D,R30
                 ; 0000 0054 TCNT1L=0x00;
000098 bdec      	OUT  0x2C,R30
                 ; 0000 0055 ICR1H=0x00;
000099 bde7      	OUT  0x27,R30
                 ; 0000 0056 ICR1L=0x00;
00009a bde6      	OUT  0x26,R30
                 ; 0000 0057 OCR1AH=0x00;
00009b bdeb      	OUT  0x2B,R30
                 ; 0000 0058 OCR1AL=0x00;
00009c bdea      	OUT  0x2A,R30
                 ; 0000 0059 OCR1BH=0x00;
00009d bde9      	OUT  0x29,R30
                 ; 0000 005A OCR1BL=0x00;
00009e bde8      	OUT  0x28,R30
                 ; 0000 005B 
                 ; 0000 005C // Timer/Counter 2 initialization
                 ; 0000 005D // Clock source: System Clock
                 ; 0000 005E // Clock value: Timer2 Stopped
                 ; 0000 005F // Mode: Normal top=0xFF
                 ; 0000 0060 // OC2 output: Disconnected
                 ; 0000 0061 ASSR=0x00;
00009f bde2      	OUT  0x22,R30
                 ; 0000 0062 TCCR2=0x00;
0000a0 bde5      	OUT  0x25,R30
                 ; 0000 0063 TCNT2=0x00;
0000a1 bde4      	OUT  0x24,R30
                 ; 0000 0064 OCR2=0x00;
0000a2 bde3      	OUT  0x23,R30
                 ; 0000 0065 
                 ; 0000 0066 // External Interrupt(s) initialization
                 ; 0000 0067 // INT0: Off
                 ; 0000 0068 // INT1: Off
                 ; 0000 0069 // INT2: Off
                 ; 0000 006A MCUCR=0x00;
0000a3 bfe5      	OUT  0x35,R30
                 ; 0000 006B MCUCSR=0x00;
0000a4 bfe4      	OUT  0x34,R30
                 ; 0000 006C 
                 ; 0000 006D // Timer(s)/Counter(s) Interrupt(s) initialization
                 ; 0000 006E TIMSK=0x00;
0000a5 bfe9      	OUT  0x39,R30
                 ; 0000 006F 
                 ; 0000 0070 // USART initialization
                 ; 0000 0071 // USART disabled
                 ; 0000 0072 UCSRB=0x00;
0000a6 b9ea      	OUT  0xA,R30
                 ; 0000 0073 
                 ; 0000 0074 // Analog Comparator initialization
                 ; 0000 0075 // Analog Comparator: Off
                 ; 0000 0076 // Analog Comparator Input Capture by Timer/Counter 1: Off
                 ; 0000 0077 ACSR=0x80;
0000a7 e8e0      	LDI  R30,LOW(128)
0000a8 b9e8      	OUT  0x8,R30
                 ; 0000 0078 SFIOR=0x00;
0000a9 e0e0      	LDI  R30,LOW(0)
0000aa bfe0      	OUT  0x30,R30
                 ; 0000 0079 
                 ; 0000 007A // ADC initialization
                 ; 0000 007B // ADC disabled
                 ; 0000 007C ADCSRA=0x00;
0000ab b9e6      	OUT  0x6,R30
                 ; 0000 007D 
                 ; 0000 007E // SPI initialization
                 ; 0000 007F // SPI disabled
                 ; 0000 0080 SPCR=0x00;
0000ac b9ed      	OUT  0xD,R30
                 ; 0000 0081 
                 ; 0000 0082 // TWI initialization
                 ; 0000 0083 // TWI disabled
                 ; 0000 0084 TWCR=0x00;
0000ad bfe6      	OUT  0x36,R30
                 ; 0000 0085 
                 ; 0000 0086 // Alphanumeric LCD initialization
                 ; 0000 0087 // Connections specified in the
                 ; 0000 0088 // Project|Configure|C Compiler|Libraries|Alphanumeric LCD menu:
                 ; 0000 0089 // RS - PORTC Bit 0
                 ; 0000 008A // RD - PORTC Bit 1
                 ; 0000 008B // EN - PORTC Bit 2
                 ; 0000 008C // D4 - PORTC Bit 4
                 ; 0000 008D // D5 - PORTC Bit 5
                 ; 0000 008E // D6 - PORTC Bit 6
                 ; 0000 008F // D7 - PORTC Bit 7
                 ; 0000 0090 // Characters/line: 16
                 ; 0000 0091 lcd_init(16);
0000ae e1a0      	LDI  R26,LOW(16)
0000af d0b8      	RCALL _lcd_init
                 ; 0000 0092 
                 ; 0000 0093 // mendefinisikan input output
                 ; 0000 0094 DDRB.0=0;
0000b0 98b8      	CBI  0x17,0
                 ; 0000 0095 DDRB.1=0;
0000b1 98b9      	CBI  0x17,1
                 ; 0000 0096 DDRD.0=1;
0000b2 9a88      	SBI  0x11,0
                 ; 0000 0097 DDRD.1=1;
0000b3 9a89      	SBI  0x11,1
                 ; 0000 0098 DDRD.2=1;
0000b4 9a8a      	SBI  0x11,2
                 ; 0000 0099 DDRD.3=1;
0000b5 9a8b      	SBI  0x11,3
                 ; 0000 009A 
                 ; 0000 009B // mendefinisikan kecepatan motor PWM
                 ; 0000 009C OCR1A=200;
0000b6 ece8      	LDI  R30,LOW(200)
0000b7 e0f0      	LDI  R31,HIGH(200)
0000b8 bdfb      	OUT  0x2A+1,R31
0000b9 bdea      	OUT  0x2A,R30
                 ; 0000 009D OCR1B=200;
0000ba bdf9      	OUT  0x28+1,R31
0000bb bde8      	OUT  0x28,R30
                 ; 0000 009E 
                 ; 0000 009F // mendefinisikan kondisi awal
                 ; 0000 00A0 PORTB.0=1;   //sensor kiri
0000bc 9ac0      	SBI  0x18,0
                 ; 0000 00A1 PORTB.1=1;   //sensor kanan
0000bd 9ac1      	SBI  0x18,1
                 ; 0000 00A2 PORTD.0=0;
0000be 9890      	CBI  0x12,0
                 ; 0000 00A3 PORTD.1=0;
0000bf 9891      	CBI  0x12,1
                 ; 0000 00A4 PORTD.2=0;
0000c0 9892      	CBI  0x12,2
                 ; 0000 00A5 PORTD.3=0;
0000c1 9893      	CBI  0x12,3
                 ; 0000 00A6 
                 ; 0000 00A7 
                 ; 0000 00A8 while (1)
                 _0x1B:
                 ; 0000 00A9       {
                 ; 0000 00AA if (PINB.0==1 &  PINB.1==0)   //    sensor kiri hitam, kanan putih, maka belok kiri
0000c2 d0ce      	RCALL SUBOPT_0x0
0000c3 e0e0      	LDI  R30,LOW(0)
0000c4 940e 01c3 	CALL __EQB12
0000c6 21e0      	AND  R30,R0
0000c7 f049      	BREQ _0x1E
                 ; 0000 00AB {
                 ; 0000 00AC PORTD.0=0;
0000c8 9890      	CBI  0x12,0
                 ; 0000 00AD PORTD.1=0;
0000c9 9891      	CBI  0x12,1
                 ; 0000 00AE PORTD.2=0;
0000ca d0d1      	RCALL SUBOPT_0x1
                 ; 0000 00AF PORTD.3=1;
                 ; 0000 00B0 lcd_clear ();
                 ; 0000 00B1 lcd_gotoxy(0,0);
                 ; 0000 00B2 lcd_putsf("B0=1 B1=0");
                +
0000cb e5a4     +LDI R26 , LOW ( 2 * _0x0 + ( 0 ) )
0000cc e0b0     +LDI R27 , HIGH ( 2 * _0x0 + ( 0 ) )
                 	__POINTW2FN _0x0,0
0000cd d0d5      	RCALL SUBOPT_0x2
                 ; 0000 00B3 lcd_gotoxy(0,1);
                 ; 0000 00B4 lcd_putsf("BELOK KIRI");
                +
0000ce e5ae     +LDI R26 , LOW ( 2 * _0x0 + ( 10 ) )
0000cf e0b0     +LDI R27 , HIGH ( 2 * _0x0 + ( 10 ) )
                 	__POINTW2FN _0x0,10
0000d0 c02f      	RJMP _0x45
                 ; 0000 00B5 delay_ms(100);
                 ; 0000 00B6 }
                 ; 0000 00B7 else if (PINB.0==0 &  PINB.1==1)   //    sensor kiri putih, kanan hitam, maka belok kanan
                 _0x1E:
0000d1 e0a0      	LDI  R26,0
0000d2 99b0      	SBIC 0x16,0
0000d3 e0a1      	LDI  R26,1
0000d4 e0e0      	LDI  R30,LOW(0)
0000d5 940e 01c3 	CALL __EQB12
0000d7 2e0e      	MOV  R0,R30
0000d8 e0a0      	LDI  R26,0
0000d9 99b1      	SBIC 0x16,1
0000da e0a1      	LDI  R26,1
0000db e0e1      	LDI  R30,LOW(1)
0000dc 940e 01c3 	CALL __EQB12
0000de 21e0      	AND  R30,R0
0000df f049      	BREQ _0x28
                 ; 0000 00B8 {
                 ; 0000 00B9 PORTD.0=0;
0000e0 9890      	CBI  0x12,0
                 ; 0000 00BA PORTD.1=1;
0000e1 9a91      	SBI  0x12,1
                 ; 0000 00BB PORTD.2=0;
0000e2 d0c5      	RCALL SUBOPT_0x3
                 ; 0000 00BC PORTD.3=0;
                 ; 0000 00BD lcd_clear();
                 ; 0000 00BE lcd_gotoxy(0,0);
                 ; 0000 00BF lcd_putsf("B0=0 B1=1");
                +
0000e3 e6a9     +LDI R26 , LOW ( 2 * _0x0 + ( 21 ) )
0000e4 e0b0     +LDI R27 , HIGH ( 2 * _0x0 + ( 21 ) )
                 	__POINTW2FN _0x0,21
0000e5 d0bd      	RCALL SUBOPT_0x2
                 ; 0000 00C0 lcd_gotoxy(0,1);
                 ; 0000 00C1 lcd_putsf("BELOK KANAN");
                +
0000e6 e7a3     +LDI R26 , LOW ( 2 * _0x0 + ( 31 ) )
0000e7 e0b0     +LDI R27 , HIGH ( 2 * _0x0 + ( 31 ) )
                 	__POINTW2FN _0x0,31
0000e8 c017      	RJMP _0x45
                 ; 0000 00C2 delay_ms(100);
                 ; 0000 00C3 }
                 ; 0000 00C4 else if (PINB.0==1 &  PINB.1==1)   //    sensor kiri hitam, kanan hitam, maka mati
                 _0x28:
0000e9 d0a7      	RCALL SUBOPT_0x0
0000ea e0e1      	LDI  R30,LOW(1)
0000eb 940e 01c3 	CALL __EQB12
0000ed 21e0      	AND  R30,R0
0000ee f049      	BREQ _0x32
                 ; 0000 00C5 {
                 ; 0000 00C6 PORTD.0=0;
0000ef 9890      	CBI  0x12,0
                 ; 0000 00C7 PORTD.1=0;
0000f0 9891      	CBI  0x12,1
                 ; 0000 00C8 PORTD.2=0;
0000f1 d0b6      	RCALL SUBOPT_0x3
                 ; 0000 00C9 PORTD.3=0;
                 ; 0000 00CA lcd_clear ();
                 ; 0000 00CB lcd_gotoxy(0,0);
                 ; 0000 00CC lcd_putsf("B0=1 B1=1");
                +
0000f2 e7af     +LDI R26 , LOW ( 2 * _0x0 + ( 43 ) )
0000f3 e0b0     +LDI R27 , HIGH ( 2 * _0x0 + ( 43 ) )
                 	__POINTW2FN _0x0,43
0000f4 d0ae      	RCALL SUBOPT_0x2
                 ; 0000 00CD lcd_gotoxy(0,1);
                 ; 0000 00CE lcd_putsf("MATI");
                +
0000f5 e8a9     +LDI R26 , LOW ( 2 * _0x0 + ( 53 ) )
0000f6 e0b0     +LDI R27 , HIGH ( 2 * _0x0 + ( 53 ) )
                 	__POINTW2FN _0x0,53
0000f7 c008      	RJMP _0x45
                 ; 0000 00CF delay_ms(100);
                 ; 0000 00D0 }
                 ; 0000 00D1 else      //    sensor kiri putih, kanan putih, maka bergerak maju
                 _0x32:
                 ; 0000 00D2 {
                 ; 0000 00D3 PORTD.0=0;
0000f8 9890      	CBI  0x12,0
                 ; 0000 00D4 PORTD.1=1;
0000f9 9a91      	SBI  0x12,1
                 ; 0000 00D5 PORTD.2=0;
0000fa d0a1      	RCALL SUBOPT_0x1
                 ; 0000 00D6 PORTD.3=1;
                 ; 0000 00D7 lcd_clear();
                 ; 0000 00D8 lcd_gotoxy(0,0);
                 ; 0000 00D9 lcd_putsf("B0=0 B1=0");
                +
0000fb e8ae     +LDI R26 , LOW ( 2 * _0x0 + ( 58 ) )
0000fc e0b0     +LDI R27 , HIGH ( 2 * _0x0 + ( 58 ) )
                 	__POINTW2FN _0x0,58
0000fd d0a5      	RCALL SUBOPT_0x2
                 ; 0000 00DA lcd_gotoxy(0,1);
                 ; 0000 00DB lcd_putsf("MAJU");
                +
0000fe e9a8     +LDI R26 , LOW ( 2 * _0x0 + ( 68 ) )
0000ff e0b0     +LDI R27 , HIGH ( 2 * _0x0 + ( 68 ) )
                 	__POINTW2FN _0x0,68
                 _0x45:
000100 d054      	RCALL _lcd_putsf
                 ; 0000 00DC delay_ms(100);
000101 e6a4      	LDI  R26,LOW(100)
000102 d0ac      	RCALL SUBOPT_0x4
                 ; 0000 00DD }
                 ; 0000 00DE 
                 ; 0000 00DF 
                 ; 0000 00E0       }
000103 cfbe      	RJMP _0x1B
                 ; 0000 00E1 }
                 _0x44:
000104 cfff      	RJMP _0x44
                 	#ifndef __SLEEP_DEFINED__
                 	#endif
                 
                 	.DSEG
                 
                 	.CSEG
                 __lcd_write_nibble_G100:
000105 93aa      	ST   -Y,R26
000106 b3e5      	IN   R30,0x15
000107 70ef      	ANDI R30,LOW(0xF)
000108 2fae      	MOV  R26,R30
000109 81e8      	LD   R30,Y
00010a 7fe0      	ANDI R30,LOW(0xF0)
00010b 2bea      	OR   R30,R26
00010c bbe5      	OUT  0x15,R30
                +
00010d e088     +LDI R24 , LOW ( 8 )
                +__DELAY_USB_LOOP :
00010e 958a     +DEC R24
00010f f7f1     +BRNE __DELAY_USB_LOOP
                 	__DELAY_USB 8
000110 9aaa      	SBI  0x15,2
                +
000111 e184     +LDI R24 , LOW ( 20 )
                +__DELAY_USB_LOOP :
000112 958a     +DEC R24
000113 f7f1     +BRNE __DELAY_USB_LOOP
                 	__DELAY_USB 20
000114 98aa      	CBI  0x15,2
                +
000115 e184     +LDI R24 , LOW ( 20 )
                +__DELAY_USB_LOOP :
000116 958a     +DEC R24
000117 f7f1     +BRNE __DELAY_USB_LOOP
                 	__DELAY_USB 20
000118 c076      	RJMP _0x2020001
                 __lcd_write_data:
000119 93aa      	ST   -Y,R26
00011a 81a8      	LD   R26,Y
00011b dfe9      	RCALL __lcd_write_nibble_G100
00011c 81e8          ld    r30,y
00011d 95e2          swap  r30
00011e 83e8          st    y,r30
00011f 81a8      	LD   R26,Y
000120 dfe4      	RCALL __lcd_write_nibble_G100
                +
000121 ec88     +LDI R24 , LOW ( 200 )
                +__DELAY_USB_LOOP :
000122 958a     +DEC R24
000123 f7f1     +BRNE __DELAY_USB_LOOP
                 	__DELAY_USB 200
000124 c06a      	RJMP _0x2020001
                 _lcd_gotoxy:
000125 93aa      	ST   -Y,R26
000126 81e8      	LD   R30,Y
000127 e0f0      	LDI  R31,0
000128 5ae0      	SUBI R30,LOW(-__base_y_G100)
000129 4ffe      	SBCI R31,HIGH(-__base_y_G100)
00012a 81e0      	LD   R30,Z
00012b 81a9      	LDD  R26,Y+1
00012c 0fae      	ADD  R26,R30
00012d dfeb      	RCALL __lcd_write_data
00012e 8059      	LDD  R5,Y+1
00012f 8048      	LDD  R4,Y+0
000130 9622      	ADIW R28,2
000131 9508      	RET
                 _lcd_clear:
000132 e0a2      	LDI  R26,LOW(2)
000133 dfe5      	RCALL __lcd_write_data
000134 e0a3      	LDI  R26,LOW(3)
000135 d079      	RCALL SUBOPT_0x4
000136 e0ac      	LDI  R26,LOW(12)
000137 dfe1      	RCALL __lcd_write_data
000138 e0a1      	LDI  R26,LOW(1)
000139 dfdf      	RCALL __lcd_write_data
00013a e0a3      	LDI  R26,LOW(3)
00013b d073      	RCALL SUBOPT_0x4
00013c e0e0      	LDI  R30,LOW(0)
00013d 2e4e      	MOV  R4,R30
00013e 2e5e      	MOV  R5,R30
00013f 9508      	RET
                 _lcd_putchar:
000140 93aa      	ST   -Y,R26
000141 81a8      	LD   R26,Y
000142 30aa      	CPI  R26,LOW(0xA)
000143 f011      	BREQ _0x2000005
000144 1457      	CP   R5,R7
000145 f048      	BRLO _0x2000004
                 _0x2000005:
000146 e0e0      	LDI  R30,LOW(0)
000147 93ea      	ST   -Y,R30
000148 9443      	INC  R4
000149 2da4      	MOV  R26,R4
00014a dfda      	RCALL _lcd_gotoxy
00014b 81a8      	LD   R26,Y
00014c 30aa      	CPI  R26,LOW(0xA)
00014d f409      	BRNE _0x2000007
00014e c040      	RJMP _0x2020001
                 _0x2000007:
                 _0x2000004:
00014f 9453      	INC  R5
000150 9aa8      	SBI  0x15,0
000151 81a8      	LD   R26,Y
000152 dfc6      	RCALL __lcd_write_data
000153 98a8      	CBI  0x15,0
000154 c03a      	RJMP _0x2020001
                 _lcd_putsf:
000155 93ba      	ST   -Y,R27
000156 93aa      	ST   -Y,R26
000157 931a      	ST   -Y,R17
                 _0x200000B:
000158 81e9      	LDD  R30,Y+1
000159 81fa      	LDD  R31,Y+1+1
00015a 9631      	ADIW R30,1
00015b 83e9      	STD  Y+1,R30
00015c 83fa      	STD  Y+1+1,R31
00015d 9731      	SBIW R30,1
00015e 91e4      	LPM  R30,Z
00015f 2f1e      	MOV  R17,R30
000160 30e0      	CPI  R30,0
000161 f019      	BREQ _0x200000D
000162 2fa1      	MOV  R26,R17
000163 dfdc      	RCALL _lcd_putchar
000164 cff3      	RJMP _0x200000B
                 _0x200000D:
000165 8118      	LDD  R17,Y+0
000166 9623      	ADIW R28,3
000167 9508      	RET
                 _lcd_init:
000168 93aa      	ST   -Y,R26
000169 b3e4      	IN   R30,0x14
00016a 6fe0      	ORI  R30,LOW(0xF0)
00016b bbe4      	OUT  0x14,R30
00016c 9aa2      	SBI  0x14,2
00016d 9aa0      	SBI  0x14,0
00016e 9aa1      	SBI  0x14,1
00016f 98aa      	CBI  0x15,2
000170 98a8      	CBI  0x15,0
000171 98a9      	CBI  0x15,1
000172 8078      	LDD  R7,Y+0
000173 81e8      	LD   R30,Y
000174 58e0      	SUBI R30,-LOW(128)
                +
000175 93e0 0162+STS __base_y_G100 + ( 2 ) , R30
                 	__PUTB1MN __base_y_G100,2
000177 81e8      	LD   R30,Y
000178 54e0      	SUBI R30,-LOW(192)
                +
000179 93e0 0163+STS __base_y_G100 + ( 3 ) , R30
                 	__PUTB1MN __base_y_G100,3
00017b e1a4      	LDI  R26,LOW(20)
00017c d032      	RCALL SUBOPT_0x4
00017d d034      	RCALL SUBOPT_0x5
00017e d033      	RCALL SUBOPT_0x5
00017f d032      	RCALL SUBOPT_0x5
000180 e2a0      	LDI  R26,LOW(32)
000181 df83      	RCALL __lcd_write_nibble_G100
                +
000182 e28c     +LDI R24 , LOW ( 300 )
000183 e091     +LDI R25 , HIGH ( 300 )
                +__DELAY_USW_LOOP :
000184 9701     +SBIW R24 , 1
000185 f7f1     +BRNE __DELAY_USW_LOOP
                 	__DELAY_USW 300
000186 e2a8      	LDI  R26,LOW(40)
000187 df91      	RCALL __lcd_write_data
000188 e0a4      	LDI  R26,LOW(4)
000189 df8f      	RCALL __lcd_write_data
00018a e8a5      	LDI  R26,LOW(133)
00018b df8d      	RCALL __lcd_write_data
00018c e0a6      	LDI  R26,LOW(6)
00018d df8b      	RCALL __lcd_write_data
00018e dfa3      	RCALL _lcd_clear
                 _0x2020001:
00018f 9621      	ADIW R28,1
000190 9508      	RET
                 
                 	.DSEG
                 __base_y_G100:
000160           	.BYTE 0x4
                 
                 	.CSEG
                 ;OPTIMIZER ADDED SUBROUTINE, CALLED 2 TIMES, CODE SIZE REDUCTION:5 WORDS
                 SUBOPT_0x0:
000191 e0a0      	LDI  R26,0
000192 99b0      	SBIC 0x16,0
000193 e0a1      	LDI  R26,1
000194 e0e1      	LDI  R30,LOW(1)
000195 940e 01c3 	CALL __EQB12
000197 2e0e      	MOV  R0,R30
000198 e0a0      	LDI  R26,0
000199 99b1      	SBIC 0x16,1
00019a e0a1      	LDI  R26,1
00019b 9508      	RET
                 
                 ;OPTIMIZER ADDED SUBROUTINE, CALLED 2 TIMES, CODE SIZE REDUCTION:4 WORDS
                 SUBOPT_0x1:
00019c 9892      	CBI  0x12,2
00019d 9a93      	SBI  0x12,3
00019e df93      	RCALL _lcd_clear
00019f e0e0      	LDI  R30,LOW(0)
0001a0 93ea      	ST   -Y,R30
0001a1 e0a0      	LDI  R26,LOW(0)
0001a2 cf82      	RJMP _lcd_gotoxy
                 
                 ;OPTIMIZER ADDED SUBROUTINE, CALLED 4 TIMES, CODE SIZE REDUCTION:12 WORDS
                 SUBOPT_0x2:
0001a3 dfb1      	RCALL _lcd_putsf
0001a4 e0e0      	LDI  R30,LOW(0)
0001a5 93ea      	ST   -Y,R30
0001a6 e0a1      	LDI  R26,LOW(1)
0001a7 cf7d      	RJMP _lcd_gotoxy
                 
                 ;OPTIMIZER ADDED SUBROUTINE, CALLED 2 TIMES, CODE SIZE REDUCTION:4 WORDS
                 SUBOPT_0x3:
0001a8 9892      	CBI  0x12,2
0001a9 9893      	CBI  0x12,3
0001aa df87      	RCALL _lcd_clear
0001ab e0e0      	LDI  R30,LOW(0)
0001ac 93ea      	ST   -Y,R30
0001ad e0a0      	LDI  R26,LOW(0)
0001ae cf76      	RJMP _lcd_gotoxy
                 
                 ;OPTIMIZER ADDED SUBROUTINE, CALLED 4 TIMES, CODE SIZE REDUCTION:6 WORDS
                 SUBOPT_0x4:
0001af e0b0      	LDI  R27,0
0001b0 940c 01b9 	JMP  _delay_ms
                 
                 ;OPTIMIZER ADDED SUBROUTINE, CALLED 3 TIMES, CODE SIZE REDUCTION:7 WORDS
                 SUBOPT_0x5:
0001b2 e3a0      	LDI  R26,LOW(48)
0001b3 df51      	RCALL __lcd_write_nibble_G100
                +
0001b4 e28c     +LDI R24 , LOW ( 300 )
0001b5 e091     +LDI R25 , HIGH ( 300 )
                +__DELAY_USW_LOOP :
0001b6 9701     +SBIW R24 , 1
0001b7 f7f1     +BRNE __DELAY_USW_LOOP
                 	__DELAY_USW 300
0001b8 9508      	RET
                 
                 
                 	.CSEG
                 _delay_ms:
0001b9 9610      	adiw r26,0
0001ba f039      	breq __delay_ms1
                 __delay_ms0:
                +
0001bb eb88     +LDI R24 , LOW ( 0xBB8 )
0001bc e09b     +LDI R25 , HIGH ( 0xBB8 )
                +__DELAY_USW_LOOP :
0001bd 9701     +SBIW R24 , 1
0001be f7f1     +BRNE __DELAY_USW_LOOP
                 	__DELAY_USW 0xBB8
0001bf 95a8      	wdr
0001c0 9711      	sbiw r26,1
0001c1 f7c9      	brne __delay_ms0
                 __delay_ms1:
0001c2 9508      	ret
                 
                 __EQB12:
0001c3 17ea      	CP   R30,R26
0001c4 e0e1      	LDI  R30,1
0001c5 f009      	BREQ __EQB12T
0001c6 27ee      	CLR  R30
                 __EQB12T:
0001c7 9508      	RET
                 
                 ;END OF CODE MARKER
                 __END_OF_CODE:


RESOURCE USE INFORMATION
------------------------

Notice:
The register and instruction counts are symbol table hit counts,
and hence implicitly used resources are not counted, eg, the
'lpm' instruction without operands implicitly uses r0 and z,
none of which are counted.

x,y,z are separate entities in the symbol table and are
counted separately from r26..r31 here.

.dseg memory usage only counts static data declared with .byte

ATmega16 register use summary:
r0 :   9 r1 :   1 r2 :   0 r3 :   0 r4 :   4 r5 :   4 r6 :   0 r7 :   2 
r8 :   0 r9 :   0 r10:   0 r11:   0 r12:   0 r13:   0 r14:   0 r15:   0 
r16:   0 r17:   4 r18:   0 r19:   0 r20:   0 r21:   0 r22:   2 r23:   0 
r24:  21 r25:   5 r26:  58 r27:  12 r28:   4 r29:   1 r30: 114 r31:  12 
x  :   3 y  :  32 z  :   9 
Registers used: 18 out of 35 (51.4%)

ATmega16 instruction use summary:
.lds  :   0 .lds.l:   0 .sts  :   0 .sts.l:   0 adc   :   0 add   :   1 
adiw  :   5 and   :   3 andi  :   2 asr   :   0 bclr  :   0 bld   :   0 
brbc  :   0 brbs  :   0 brcc  :   0 brcs  :   0 break :   0 breq  :   8 
brge  :   0 brhc  :   0 brhs  :   0 brid  :   0 brie  :   0 brlo  :   1 
brlt  :   0 brmi  :   0 brne  :  12 brpl  :   0 brsh  :   0 brtc  :   0 
brts  :   0 brvc  :   0 brvs  :   0 bset  :   0 bst   :   0 call  :   5 
cbi   :  20 cbr   :   0 clc   :   0 clh   :   0 cli   :   1 cln   :   0 
clr   :   3 cls   :   0 clt   :   0 clv   :   0 clz   :   0 com   :   0 
cp    :   2 cpc   :   0 cpi   :   3 cpse  :   0 dec   :   5 des   :   0 
eor   :   0 fmul  :   0 fmuls :   0 fmulsu:   0 icall :   0 ijmp  :   0 
in    :   2 inc   :   2 jmp   :  23 ld    :  11 ldd   :   7 ldi   :  87 
lds   :   0 lpm   :   9 lsl   :   0 lsr   :   0 mov   :   8 movw  :   3 
mul   :   0 muls  :   0 mulsu :   0 neg   :   0 nop   :   0 or    :   1 
ori   :   1 out   :  48 pop   :   0 push  :   0 rcall :  38 ret   :   8 
reti  :   0 rjmp  :  14 rol   :   0 ror   :   0 sbc   :   0 sbci  :   1 
sbi   :  14 sbic  :   4 sbis  :   0 sbiw  :   8 sbr   :   0 sbrc  :   0 
sbrs  :   0 sec   :   0 seh   :   0 sei   :   0 sen   :   0 ser   :   0 
ses   :   0 set   :   0 sev   :   0 sez   :   0 sleep :   0 spm   :   0 
st    :  16 std   :   2 sts   :   2 sub   :   0 subi  :   3 swap  :   1 
tst   :   0 wdr   :   1 
Instructions used: 39 out of 116 (33.6%)

ATmega16 memory use summary [bytes]:
Segment   Begin    End      Code   Data   Used    Size   Use%
---------------------------------------------------------------
[.cseg] 0x000000 0x000390    828     84    912   16384   5.6%
[.dseg] 0x000060 0x000164      0      4      4    1119   0.4%
[.eseg] 0x000000 0x000000      0      0      0     512   0.0%

Assembly complete, 0 errors, 4 warnings
